<?xml version="1.0" encoding="UTF-8"?>
<!-- Generated by org.testng.reporters.JUnitReportReporter -->
<testsuite ignored="0" hostname="XD-KUMARAR-CNT" failures="0" tests="1" name="Smoke_Runner.Runner" time="958.842" errors="0" timestamp="26 Aug 2024 12:53:42 GMT" skipped="0">
  <testcase classname="Smoke_Runner.Runner" name="InboundTrailer" time="958.842"/>
</testsuite> <!-- Smoke_Runner.Runner -->
